0 info it worked if it ends with ok
1 verbose cli [ '/Users/kenta_kanno/.anyenv/envs/nodenv/versions/10.15.0/bin/node',
1 verbose cli   '/Users/kenta_kanno/.anyenv/envs/nodenv/versions/10.15.0/bin/npm',
1 verbose cli   'run',
1 verbose cli   'start' ]
2 info using npm@6.4.1
3 info using node@v10.15.0
4 verbose run-script [ 'prestart', 'start', 'poststart' ]
5 info lifecycle gulpset-skeleton@3.1.0~prestart: gulpset-skeleton@3.1.0
6 info lifecycle gulpset-skeleton@3.1.0~start: gulpset-skeleton@3.1.0
7 verbose lifecycle gulpset-skeleton@3.1.0~start: unsafe-perm in lifecycle true
8 verbose lifecycle gulpset-skeleton@3.1.0~start: PATH: /Users/kenta_kanno/.anyenv/envs/nodenv/versions/10.15.0/lib/node_modules/npm/node_modules/npm-lifecycle/node-gyp-bin:/Users/kenta_kanno/Documents/svn/proud/185-116_senzoku/trunk/node_modules/.bin:/Users/kenta_kanno/.anyenv/envs/nodenv/versions/10.15.0/bin:/Users/kenta_kanno/.anyenv/envs/nodenv/libexec:/Users/kenta_kanno/.anyenv/envs/nodenv/plugins/nodenv-vars/bin:/Users/kenta_kanno/.anyenv/envs/nodenv/plugins/node-build/bin:/Users/kenta_kanno/.anyenv/envs/nodenv/shims:/Users/kenta_kanno/.anyenv/envs/nodenv/bin:/Users/kenta_kanno/.anyenv/envs/nodenv/shims:/Users/kenta_kanno/.anyenv/bin:/Users/kenta_kanno/.nodebrew/current/bin/:/Users/kenta_kanno/.anyenv/envs/nodenv/shims:/Users/kenta_kanno/.anyenv/envs/nodenv/bin:/Users/kenta_kanno/.anyenv/envs/nodenv/shims:/Users/kenta_kanno/.anyenv/bin:/usr/local/bin:/usr/bin:/bin:/usr/sbin:/sbin:/Library/Apple/usr/bin:/Users/kenta_kanno/.anyenv/envs/nodenv/bin:/Users/kenta_kanno/.anyenv/envs/nodenv/bin
9 verbose lifecycle gulpset-skeleton@3.1.0~start: CWD: /Users/kenta_kanno/Documents/svn/proud/185-116_senzoku/trunk
10 silly lifecycle gulpset-skeleton@3.1.0~start: Args: [ '-c', 'gulp' ]
11 silly lifecycle gulpset-skeleton@3.1.0~start: Returned: code: 1  signal: null
12 info lifecycle gulpset-skeleton@3.1.0~start: Failed to exec start script
13 verbose stack Error: gulpset-skeleton@3.1.0 start: `gulp`
13 verbose stack Exit status 1
13 verbose stack     at EventEmitter.<anonymous> (/Users/kenta_kanno/.anyenv/envs/nodenv/versions/10.15.0/lib/node_modules/npm/node_modules/npm-lifecycle/index.js:301:16)
13 verbose stack     at EventEmitter.emit (events.js:182:13)
13 verbose stack     at ChildProcess.<anonymous> (/Users/kenta_kanno/.anyenv/envs/nodenv/versions/10.15.0/lib/node_modules/npm/node_modules/npm-lifecycle/lib/spawn.js:55:14)
13 verbose stack     at ChildProcess.emit (events.js:182:13)
13 verbose stack     at maybeClose (internal/child_process.js:962:16)
13 verbose stack     at Process.ChildProcess._handle.onexit (internal/child_process.js:251:5)
14 verbose pkgid gulpset-skeleton@3.1.0
15 verbose cwd /Users/kenta_kanno/Documents/svn/proud/185-116_senzoku/trunk
16 verbose Darwin 19.6.0
17 verbose argv "/Users/kenta_kanno/.anyenv/envs/nodenv/versions/10.15.0/bin/node" "/Users/kenta_kanno/.anyenv/envs/nodenv/versions/10.15.0/bin/npm" "run" "start"
18 verbose node v10.15.0
19 verbose npm  v6.4.1
20 error code ELIFECYCLE
21 error errno 1
22 error gulpset-skeleton@3.1.0 start: `gulp`
22 error Exit status 1
23 error Failed at the gulpset-skeleton@3.1.0 start script.
23 error This is probably not a problem with npm. There is likely additional logging output above.
24 verbose exit [ 1, true ]
